2022-06-01T01:38:11,313 ERROR [Test worker]: ClientController                     - ------> get all clients - method entered 
2022-06-01T01:38:11,337 ERROR [Test worker]: ClientController                     - ------> get all clients - ClientsDto: ClientsDto(clients=[ClientDto(super=BaseDto(id=1), firstName=CF1, lastName=CL1, emailAddress=CE1), ClientDto(super=BaseDto(id=1), firstName=CF2, lastName=CL2, emailAddress=CE2)]) 
2022-06-01T01:38:37,023 ERROR [Test worker]: ClientController                     - ------> get all clients - method entered 
2022-06-01T01:38:37,044 ERROR [Test worker]: ClientController                     - ------> get all clients - ClientsDto: ClientsDto(clients=[ClientDto(super=BaseDto(id=1), firstName=CF1, lastName=CL1, emailAddress=CE1), ClientDto(super=BaseDto(id=1), firstName=CF2, lastName=CL2, emailAddress=CE2)]) 
2022-06-01T01:41:07,663 WARN  [Test worker]: DefaultHandlerExceptionResolver      - Resolved [org.springframework.web.HttpMediaTypeNotSupportedException: Content type 'application/octet-stream' not supported] 
2022-06-01T01:41:58,693 TRACE [Test worker]: ClientController                     - add client - method started - client DTO: ClientDto(super=BaseDto(id=1), firstName=CF1, lastName=CL1, emailAddress=CE1) 
2022-06-01T01:41:58,703 TRACE [Test worker]: ClientController                     - add client - client added 
2022-06-01T01:43:34,233 TRACE [Test worker]: ClientController                     - add client - method started - client DTO: ClientDto(super=BaseDto(id=1), firstName=CF1, lastName=CL1, emailAddress=CE1) 
2022-06-01T01:43:34,243 TRACE [Test worker]: ClientController                     - add client - client added 
2022-06-01T01:43:34,292 ERROR [Test worker]: ClientController                     - ------> get all clients - method entered 
2022-06-01T01:43:34,302 ERROR [Test worker]: ClientController                     - ------> get all clients - ClientsDto: ClientsDto(clients=[ClientDto(super=BaseDto(id=1), firstName=CF1, lastName=CL1, emailAddress=CE1), ClientDto(super=BaseDto(id=1), firstName=CF2, lastName=CL2, emailAddress=CE2)]) 
2022-06-01T01:44:53,672 TRACE [Test worker]: ClientController                     - add client - method started - client DTO: ClientDto(super=BaseDto(id=1), firstName=CF1, lastName=CL1, emailAddress=CE1) 
2022-06-01T01:44:53,687 TRACE [Test worker]: ClientController                     - add client - client added 
2022-06-01T01:45:17,782 TRACE [Test worker]: ClientController                     - add client - method started - client DTO: ClientDto(super=BaseDto(id=1), firstName=CF1, lastName=CL1, emailAddress=CE1) 
2022-06-01T01:45:17,792 TRACE [Test worker]: ClientController                     - add client - client added 
2022-06-01T01:48:16,874 TRACE [Test worker]: ClientController                     - add client - method started - client DTO: ClientDto(super=BaseDto(id=1), firstName=CF1, lastName=CL1, emailAddress=CE1) 
2022-06-01T01:48:16,913 TRACE [Test worker]: ClientController                     - add client - client added 
2022-06-01T01:49:38,071 TRACE [Test worker]: ClientController                     - add client - method started - client DTO: ClientDto(super=BaseDto(id=1), firstName=CF1, lastName=CL1, emailAddress=CE1) 
2022-06-01T01:49:38,091 TRACE [Test worker]: ClientController                     - add client - client added 
2022-06-01T01:49:55,042 TRACE [Test worker]: ClientController                     - add client - method started - client DTO: ClientDto(super=BaseDto(id=1), firstName=CF1, lastName=CL1, emailAddress=CE1) 
2022-06-01T01:49:55,051 TRACE [Test worker]: ClientController                     - add client - client added 
2022-06-01T01:53:24,831 TRACE [Test worker]: ClientController                     - update client - method entered 
2022-06-01T01:53:24,841 TRACE [Test worker]: ClientController                     - update client - success 
2022-06-01T01:54:15,066 TRACE [Test worker]: ClientController                     - update client - method entered 
2022-06-01T01:55:46,980 TRACE [Test worker]: ClientController                     - update client - method entered 
2022-06-01T01:56:06,973 TRACE [Test worker]: ClientController                     - update client - success 
2022-06-01T01:56:18,375 TRACE [Test worker]: ClientController                     - update client - method entered 
2022-06-01T01:56:54,965 TRACE [Test worker]: ClientController                     - update client - method entered 
2022-06-01T01:59:24,160 TRACE [Test worker]: ClientController                     - update client - method entered 
2022-06-01T01:59:24,170 TRACE [Test worker]: ClientController                     - update client - success 
2022-06-01T02:02:25,160 TRACE [Test worker]: ClientController                     - update client - method entered 
2022-06-01T02:02:25,169 TRACE [Test worker]: ClientController                     - update client - success 
2022-06-01T02:04:45,919 TRACE [Test worker]: ClientController                     - update client - method entered 
2022-06-01T02:04:45,919 TRACE [Test worker]: ClientController                     - update client - success 
2022-06-01T02:05:10,299 TRACE [Test worker]: ClientController                     - update client - method entered 
2022-06-01T02:05:10,319 TRACE [Test worker]: ClientController                     - update client - success 
2022-06-01T02:05:17,189 TRACE [Test worker]: ClientController                     - add client - method started - client DTO: ClientDto(super=BaseDto(id=1), firstName=CF1, lastName=CL1, emailAddress=CE1) 
2022-06-01T02:05:17,199 TRACE [Test worker]: ClientController                     - add client - client added 
2022-06-01T02:06:27,144 TRACE [Test worker]: ClientController                     - delete client - method entered 
2022-06-01T02:06:27,169 TRACE [Test worker]: ClientController                     - delete client - success 
2022-06-01T02:06:35,979 TRACE [Test worker]: ClientController                     - update client - method entered 
2022-06-01T02:06:35,994 TRACE [Test worker]: ClientController                     - update client - success 
2022-06-01T02:06:36,019 TRACE [Test worker]: ClientController                     - delete client - method entered 
2022-06-01T02:06:36,019 TRACE [Test worker]: ClientController                     - delete client - success 
2022-06-01T02:06:36,059 TRACE [Test worker]: ClientController                     - add client - method started - client DTO: ClientDto(super=BaseDto(id=1), firstName=CF1, lastName=CL1, emailAddress=CE1) 
2022-06-01T02:06:36,059 TRACE [Test worker]: ClientController                     - add client - client added 
2022-06-01T02:06:36,079 ERROR [Test worker]: ClientController                     - ------> get all clients - method entered 
2022-06-01T02:06:36,079 ERROR [Test worker]: ClientController                     - ------> get all clients - ClientsDto: ClientsDto(clients=[ClientDto(super=BaseDto(id=1), firstName=CF1, lastName=CL1, emailAddress=CE1), ClientDto(super=BaseDto(id=1), firstName=CF2, lastName=CL2, emailAddress=CE2)]) 
2022-06-01T02:16:59,267 TRACE [Test worker]: DeviceController                     - get all devices - method entered 
2022-06-01T02:16:59,282 TRACE [Test worker]: DeviceController                     - get all devices - DevicesDto: DevicesInsertDto(devices=[DeviceInsertDto(super=BaseDto(id=2), type=T2, brand=B2, model=M2, clientId=2), DeviceInsertDto(super=BaseDto(id=1), type=T1, brand=B1, model=M1, clientId=1)]) 
2022-06-01T02:18:05,377 TRACE [Test worker]: DeviceController                     - get all devices - method entered 
2022-06-01T02:18:05,387 TRACE [Test worker]: DeviceController                     - get all devices - DevicesDto: DevicesInsertDto(devices=[DeviceInsertDto(super=BaseDto(id=2), type=T2, brand=B2, model=M2, clientId=2), DeviceInsertDto(super=BaseDto(id=1), type=T1, brand=B1, model=M1, clientId=1)]) 
2022-06-01T02:19:13,937 TRACE [Test worker]: DeviceController                     - get all devices - method entered 
2022-06-01T02:19:13,947 TRACE [Test worker]: DeviceController                     - get all devices - DevicesDto: DevicesInsertDto(devices=[DeviceInsertDto(super=BaseDto(id=1), type=T1, brand=B1, model=M1, clientId=1), DeviceInsertDto(super=BaseDto(id=2), type=T2, brand=B2, model=M2, clientId=2)]) 
2022-06-01T02:24:13,396 TRACE [Test worker]: DeviceController                     - add device - method started - client DTO: DeviceInsertDto(super=BaseDto(id=1), type=T1, brand=B1, model=M1, clientId=1) 
2022-06-01T02:25:32,231 TRACE [Test worker]: DeviceController                     - add device - method started - client DTO: DeviceInsertDto(super=BaseDto(id=1), type=T1, brand=B1, model=M1, clientId=1) 
2022-06-01T02:27:08,525 TRACE [Test worker]: DeviceController                     - add device - method started - client DTO: DeviceInsertDto(super=BaseDto(id=1), type=T1, brand=B1, model=M1, clientId=1) 
2022-06-01T02:28:19,196 TRACE [Test worker]: DeviceController                     - add device - method started - client DTO: DeviceInsertDto(super=BaseDto(id=1), type=T1, brand=B1, model=M1, clientId=1) 
2022-06-01T02:28:57,305 TRACE [Test worker]: DeviceController                     - add device - method started - client DTO: DeviceInsertDto(super=BaseDto(id=1), type=T1, brand=B1, model=M1, clientId=1) 
2022-06-01T02:30:10,920 TRACE [Test worker]: DeviceController                     - add device - method started - client DTO: DeviceInsertDto(super=BaseDto(id=1), type=T1, brand=B1, model=M1, clientId=1) 
2022-06-01T02:30:30,586 TRACE [Test worker]: DeviceController                     - add device - method started - client DTO: DeviceInsertDto(super=BaseDto(id=1), type=T1, brand=B1, model=M1, clientId=1) 
2022-06-01T02:32:25,142 TRACE [Test worker]: DeviceController                     - add device - method started - client DTO: DeviceInsertDto(super=BaseDto(id=1), type=T1, brand=B1, model=M1, clientId=1) 
2022-06-01T02:33:28,880 TRACE [Test worker]: DeviceController                     - delete device - method entered 
2022-06-01T02:33:28,900 TRACE [Test worker]: DeviceController                     - delete device - success 
2022-06-01T02:33:38,034 TRACE [Test worker]: DeviceController                     - get all devices - method entered 
2022-06-01T02:33:38,054 TRACE [Test worker]: DeviceController                     - get all devices - DevicesDto: DevicesInsertDto(devices=[DeviceInsertDto(super=BaseDto(id=1), type=T1, brand=B1, model=M1, clientId=1), DeviceInsertDto(super=BaseDto(id=2), type=T2, brand=B2, model=M2, clientId=2)]) 
2022-06-01T02:33:38,235 TRACE [Test worker]: DeviceController                     - delete device - method entered 
2022-06-01T02:33:38,245 TRACE [Test worker]: DeviceController                     - delete device - success 
2022-06-01T02:39:12,958 TRACE [Test worker]: TechnicianController                 - get all technicians - method entered 
2022-06-01T02:39:49,983 TRACE [Test worker]: TechnicianController                 - add technician - method started - technician DTO: TechnicianDto(super=BaseDto(id=1), firstName=TF1, lastName=TL1, salary=100) 
2022-06-01T02:40:35,894 TRACE [Test worker]: TechnicianController                 - add technician - method started - technician DTO: TechnicianDto(super=BaseDto(id=1), firstName=TF1, lastName=TL1, salary=100) 
2022-06-01T02:41:07,825 TRACE [Test worker]: DeviceController                     - add device - method started - client DTO: DeviceInsertDto(super=BaseDto(id=1), type=T1, brand=B1, model=M1, clientId=1) 
2022-06-01T02:41:35,053 TRACE [Test worker]: TechnicianController                 - update technician - method entered 
2022-06-01T02:41:46,183 TRACE [Test worker]: TechnicianController                 - delete technician - method entered 
2022-06-01T02:41:46,199 TRACE [Test worker]: TechnicianController                 - delete technician - success 
2022-06-01T02:41:53,473 TRACE [Test worker]: TechnicianController                 - add technician - method started - technician DTO: TechnicianDto(super=BaseDto(id=1), firstName=TF1, lastName=TL1, salary=100) 
2022-06-01T02:41:53,533 TRACE [Test worker]: TechnicianController                 - get all technicians - method entered 
2022-06-01T02:41:53,633 TRACE [Test worker]: TechnicianController                 - delete technician - method entered 
2022-06-01T02:41:53,633 TRACE [Test worker]: TechnicianController                 - delete technician - success 
2022-06-01T02:41:53,653 TRACE [Test worker]: TechnicianController                 - update technician - method entered 
2022-06-01T02:47:11,998 WARN  [Test worker]: PageNotFound                         - No mapping for GET /workshopTeams 
2022-06-01T02:47:38,382 ERROR [Test worker]: WorkshopTeamController               - ------> get all workshop teams - method entered 
2022-06-01T02:47:38,392 ERROR [Test worker]: WorkshopTeamController               - ------> get all workshop teams - WorkshopTeamsDto: WorkshopTeamDtos(teams=[WorkshopTeamDto(super=BaseDto(id=2), teamName=T2, technicianId=2), WorkshopTeamDto(super=BaseDto(id=1), teamName=T1, technicianId=1)]) 
2022-06-01T02:48:12,465 ERROR [Test worker]: WorkshopTeamController               - ------> get all workshop teams - method entered 
2022-06-01T02:48:12,485 ERROR [Test worker]: WorkshopTeamController               - ------> get all workshop teams - WorkshopTeamsDto: WorkshopTeamDtos(teams=[WorkshopTeamDto(super=BaseDto(id=1), teamName=T1, technicianId=1), WorkshopTeamDto(super=BaseDto(id=2), teamName=T2, technicianId=2)]) 
2022-06-01T02:49:31,032 ERROR [Test worker]: WorkshopTeamController               - ------> get all workshop teams - method entered 
2022-06-01T02:49:31,042 ERROR [Test worker]: WorkshopTeamController               - ------> get all workshop teams - WorkshopTeamsDto: WorkshopTeamDtos(teams=[WorkshopTeamDto(super=BaseDto(id=2), teamName=T2, technicianId=2), WorkshopTeamDto(super=BaseDto(id=1), teamName=T1, technicianId=1)]) 
2022-06-01T02:51:10,132 WARN  [Test worker]: PageNotFound                         - No mapping for DELETE /workshopTeams/1 
2022-06-01T02:51:52,842 TRACE [Test worker]: ClientController                     - update client - method entered 
2022-06-01T02:51:52,852 TRACE [Test worker]: ClientController                     - update client - success 
2022-06-01T02:51:52,902 TRACE [Test worker]: ClientController                     - delete client - method entered 
2022-06-01T02:51:52,907 TRACE [Test worker]: ClientController                     - delete client - success 
2022-06-01T02:51:52,962 TRACE [Test worker]: ClientController                     - add client - method started - client DTO: ClientDto(super=BaseDto(id=1), firstName=CF1, lastName=CL1, emailAddress=CE1) 
2022-06-01T02:51:52,962 TRACE [Test worker]: ClientController                     - add client - client added 
2022-06-01T02:51:53,006 ERROR [Test worker]: ClientController                     - ------> get all clients - method entered 
2022-06-01T02:51:53,011 ERROR [Test worker]: ClientController                     - ------> get all clients - ClientsDto: ClientsDto(clients=[ClientDto(super=BaseDto(id=1), firstName=CF2, lastName=CL2, emailAddress=CE2), ClientDto(super=BaseDto(id=1), firstName=CF1, lastName=CL1, emailAddress=CE1)]) 
2022-06-01T02:51:53,378 TRACE [Test worker]: DeviceController                     - get all devices - method entered 
2022-06-01T02:51:53,392 TRACE [Test worker]: DeviceController                     - get all devices - DevicesDto: DevicesInsertDto(devices=[DeviceInsertDto(super=BaseDto(id=1), type=T1, brand=B1, model=M1, clientId=1), DeviceInsertDto(super=BaseDto(id=2), type=T2, brand=B2, model=M2, clientId=2)]) 
2022-06-01T02:51:53,432 TRACE [Test worker]: DeviceController                     - delete device - method entered 
2022-06-01T02:51:53,437 TRACE [Test worker]: DeviceController                     - delete device - success 
2022-06-01T02:51:53,561 TRACE [Test worker]: TechnicianController                 - add technician - method started - technician DTO: TechnicianDto(super=BaseDto(id=1), firstName=TF1, lastName=TL1, salary=100) 
2022-06-01T02:51:53,592 TRACE [Test worker]: TechnicianController                 - get all technicians - method entered 
2022-06-01T02:51:53,631 TRACE [Test worker]: TechnicianController                 - delete technician - method entered 
2022-06-01T02:51:53,631 TRACE [Test worker]: TechnicianController                 - delete technician - success 
2022-06-01T02:51:53,656 TRACE [Test worker]: TechnicianController                 - update technician - method entered 
2022-06-01T02:51:53,842 ERROR [Test worker]: WorkshopTeamController               - ------> get all workshop teams - method entered 
2022-06-01T02:51:53,842 ERROR [Test worker]: WorkshopTeamController               - ------> get all workshop teams - WorkshopTeamsDto: WorkshopTeamDtos(teams=[WorkshopTeamDto(super=BaseDto(id=1), teamName=T1, technicianId=1), WorkshopTeamDto(super=BaseDto(id=2), teamName=T2, technicianId=2)]) 
